d:\coding\c&c++\raytracinginoneweekend\raytracinginoneweekend\debug\vc142.pdb
d:\coding\c&c++\raytracinginoneweekend\raytracinginoneweekend\debug\vc142.idb
d:\coding\c&c++\raytracinginoneweekend\raytracinginoneweekend\debug\vec3.obj
d:\coding\c&c++\raytracinginoneweekend\raytracinginoneweekend\debug\ray.obj
d:\coding\c&c++\raytracinginoneweekend\raytracinginoneweekend\debug\main.obj
d:\coding\c&c++\raytracinginoneweekend\raytracinginoneweekend\debug\color.obj
d:\coding\c&c++\raytracinginoneweekend\debug\raytracinginoneweekend.pdb
d:\coding\c&c++\raytracinginoneweekend\raytracinginoneweekend\debug\raytraci.0fb9692d.tlog\cl.command.1.tlog
d:\coding\c&c++\raytracinginoneweekend\raytracinginoneweekend\debug\raytraci.0fb9692d.tlog\cl.read.1.tlog
d:\coding\c&c++\raytracinginoneweekend\raytracinginoneweekend\debug\raytraci.0fb9692d.tlog\cl.write.1.tlog
d:\coding\c&c++\raytracinginoneweekend\raytracinginoneweekend\debug\raytraci.0fb9692d.tlog\link-cvtres.read.1.tlog
d:\coding\c&c++\raytracinginoneweekend\raytracinginoneweekend\debug\raytraci.0fb9692d.tlog\link-cvtres.write.1.tlog
d:\coding\c&c++\raytracinginoneweekend\raytracinginoneweekend\debug\raytraci.0fb9692d.tlog\link-rc.read.1.tlog
d:\coding\c&c++\raytracinginoneweekend\raytracinginoneweekend\debug\raytraci.0fb9692d.tlog\link-rc.write.1.tlog
d:\coding\c&c++\raytracinginoneweekend\raytracinginoneweekend\debug\raytraci.0fb9692d.tlog\link.17704-cvtres.read.1.tlog
d:\coding\c&c++\raytracinginoneweekend\raytracinginoneweekend\debug\raytraci.0fb9692d.tlog\link.17704-cvtres.write.1.tlog
d:\coding\c&c++\raytracinginoneweekend\raytracinginoneweekend\debug\raytraci.0fb9692d.tlog\link.17704-rc.read.1.tlog
d:\coding\c&c++\raytracinginoneweekend\raytracinginoneweekend\debug\raytraci.0fb9692d.tlog\link.17704-rc.write.1.tlog
d:\coding\c&c++\raytracinginoneweekend\raytracinginoneweekend\debug\raytraci.0fb9692d.tlog\link.17704.read.1.tlog
d:\coding\c&c++\raytracinginoneweekend\raytracinginoneweekend\debug\raytraci.0fb9692d.tlog\link.17704.write.1.tlog
d:\coding\c&c++\raytracinginoneweekend\raytracinginoneweekend\debug\raytraci.0fb9692d.tlog\link.command.1.tlog
d:\coding\c&c++\raytracinginoneweekend\raytracinginoneweekend\debug\raytraci.0fb9692d.tlog\link.read.1.tlog
d:\coding\c&c++\raytracinginoneweekend\raytracinginoneweekend\debug\raytraci.0fb9692d.tlog\link.write.1.tlog
